<?xml version="1.0" encoding="UTF-8"?>
<testng-results ignored="0" total="15" passed="12" failed="3" skipped="0">
  <reporter-output>
  </reporter-output>
  <suite started-at="2023-09-11T15:21:22 EDT" name="AmazonEcommerce" finished-at="2023-09-11T15:24:28 EDT" duration-ms="185748">
    <groups>
    </groups>
    <test started-at="2023-09-11T15:21:22 EDT" name="Unittesting" finished-at="2023-09-11T15:24:28 EDT" duration-ms="185748">
      <class name="testcases_amazon.Test_Search">
        <test-method is-config="true" signature="initsetup()[pri:0, instance:testcases_amazon.Test_Search@43bc63a3]" started-at="2023-09-11T15:23:15 EDT" name="initsetup" finished-at="2023-09-11T15:23:17 EDT" duration-ms="2552" status="PASS">
          <reporter-output>
          </reporter-output>
        </test-method> <!-- initsetup -->
        <test-method signature="TC25_searchitem()[pri:1, instance:testcases_amazon.Test_Search@43bc63a3]" started-at="2023-09-11T15:23:17 EDT" name="TC25_searchitem" finished-at="2023-09-11T15:23:20 EDT" duration-ms="2872" status="PASS">
          <reporter-output>
          </reporter-output>
        </test-method> <!-- TC25_searchitem -->
        <test-method is-config="true" signature="browserclose()[pri:0, instance:testcases_amazon.Test_Search@43bc63a3]" started-at="2023-09-11T15:23:20 EDT" name="browserclose" finished-at="2023-09-11T15:23:20 EDT" duration-ms="164" status="PASS">
          <reporter-output>
          </reporter-output>
        </test-method> <!-- browserclose -->
        <test-method is-config="true" signature="initsetup()[pri:0, instance:testcases_amazon.Test_Search@43bc63a3]" started-at="2023-09-11T15:23:20 EDT" name="initsetup" finished-at="2023-09-11T15:23:22 EDT" duration-ms="1493" status="PASS">
          <reporter-output>
          </reporter-output>
        </test-method> <!-- initsetup -->
        <test-method signature="TC27_productinfo()[pri:2, instance:testcases_amazon.Test_Search@43bc63a3]" started-at="2023-09-11T15:23:22 EDT" name="TC27_productinfo" finished-at="2023-09-11T15:23:52 EDT" duration-ms="30050" status="FAIL">
          <exception class="org.openqa.selenium.NoSuchElementException">
            <message>
              <![CDATA[no such element: Unable to locate element: {"method":"css selector","selector":"#twotabsearchtextbox"}
  (Session info: chrome=116.0.5845.180)
For documentation on this error, please visit: https://www.selenium.dev/documentation/webdriver/troubleshooting/errors#no-such-element-exception
Build info: version: '4.11.0', revision: '040bc5406b'
System info: os.name: 'Windows 11', os.arch: 'amd64', os.version: '10.0', java.version: '20.0.1'
Driver info: org.openqa.selenium.chrome.ChromeDriver
Command: [56a0db1cacc40e17085d2812bde8be01, findElement {using=id, value=twotabsearchtextbox}]
Capabilities {acceptInsecureCerts: false, browserName: chrome, browserVersion: 116.0.5845.180, chrome: {chromedriverVersion: 116.0.5845.96 (1a3918166880..., userDataDir: C:\Users\User\AppData\Local...}, fedcm:accounts: true, goog:chromeOptions: {debuggerAddress: localhost:64743}, networkConnectionEnabled: false, pageLoadStrategy: normal, platformName: windows, proxy: Proxy(), se:cdp: ws://localhost:64743/devtoo..., se:cdpVersion: 116.0.5845.180, setWindowRect: true, strictFileInteractability: false, timeouts: {implicit: 0, pageLoad: 300000, script: 30000}, unhandledPromptBehavior: dismiss and notify, webauthn:extension:credBlob: true, webauthn:extension:largeBlob: true, webauthn:extension:minPinLength: true, webauthn:extension:prf: true, webauthn:virtualAuthenticators: true}
Session ID: 56a0db1cacc40e17085d2812bde8be01]]>
            </message>
            <full-stacktrace>
              <![CDATA[org.openqa.selenium.NoSuchElementException: no such element: Unable to locate element: {"method":"css selector","selector":"#twotabsearchtextbox"}
  (Session info: chrome=116.0.5845.180)
For documentation on this error, please visit: https://www.selenium.dev/documentation/webdriver/troubleshooting/errors#no-such-element-exception
Build info: version: '4.11.0', revision: '040bc5406b'
System info: os.name: 'Windows 11', os.arch: 'amd64', os.version: '10.0', java.version: '20.0.1'
Driver info: org.openqa.selenium.chrome.ChromeDriver
Command: [56a0db1cacc40e17085d2812bde8be01, findElement {using=id, value=twotabsearchtextbox}]
Capabilities {acceptInsecureCerts: false, browserName: chrome, browserVersion: 116.0.5845.180, chrome: {chromedriverVersion: 116.0.5845.96 (1a3918166880..., userDataDir: C:\Users\User\AppData\Local...}, fedcm:accounts: true, goog:chromeOptions: {debuggerAddress: localhost:64743}, networkConnectionEnabled: false, pageLoadStrategy: normal, platformName: windows, proxy: Proxy(), se:cdp: ws://localhost:64743/devtoo..., se:cdpVersion: 116.0.5845.180, setWindowRect: true, strictFileInteractability: false, timeouts: {implicit: 0, pageLoad: 300000, script: 30000}, unhandledPromptBehavior: dismiss and notify, webauthn:extension:credBlob: true, webauthn:extension:largeBlob: true, webauthn:extension:minPinLength: true, webauthn:extension:prf: true, webauthn:virtualAuthenticators: true}
Session ID: 56a0db1cacc40e17085d2812bde8be01
at java.base/jdk.internal.reflect.DirectConstructorHandleAccessor.newInstance(DirectConstructorHandleAccessor.java:67)
at java.base/java.lang.reflect.Constructor.newInstanceWithCaller(Constructor.java:500)
at java.base/java.lang.reflect.Constructor.newInstance(Constructor.java:484)
at org.openqa.selenium.remote.codec.w3c.W3CHttpResponseCodec.createException(W3CHttpResponseCodec.java:200)
at org.openqa.selenium.remote.codec.w3c.W3CHttpResponseCodec.decode(W3CHttpResponseCodec.java:133)
at org.openqa.selenium.remote.codec.w3c.W3CHttpResponseCodec.decode(W3CHttpResponseCodec.java:52)
at org.openqa.selenium.remote.HttpCommandExecutor.execute(HttpCommandExecutor.java:191)
at org.openqa.selenium.remote.service.DriverCommandExecutor.invokeExecute(DriverCommandExecutor.java:196)
at org.openqa.selenium.remote.service.DriverCommandExecutor.execute(DriverCommandExecutor.java:171)
at org.openqa.selenium.remote.RemoteWebDriver.execute(RemoteWebDriver.java:518)
at org.openqa.selenium.remote.ElementLocation$ElementFinder$2.findElement(ElementLocation.java:165)
at org.openqa.selenium.remote.ElementLocation.findElement(ElementLocation.java:66)
at org.openqa.selenium.remote.RemoteWebDriver.findElement(RemoteWebDriver.java:355)
at org.openqa.selenium.remote.RemoteWebDriver.findElement(RemoteWebDriver.java:349)
at org.openqa.selenium.support.pagefactory.DefaultElementLocator.findElement(DefaultElementLocator.java:68)
at org.openqa.selenium.support.pagefactory.internal.LocatingElementHandler.invoke(LocatingElementHandler.java:38)
at jdk.proxy2/jdk.proxy2.$Proxy16.sendKeys(Unknown Source)
at pom_amazon.Pom_Search.searchitem(Pom_Search.java:36)
at testcases_amazon.Test_Search.TC27_productinfo(Test_Search.java:27)
at java.base/jdk.internal.reflect.DirectMethodHandleAccessor.invoke(DirectMethodHandleAccessor.java:104)
at java.base/java.lang.reflect.Method.invoke(Method.java:578)
at org.testng.internal.invokers.MethodInvocationHelper.invokeMethod(MethodInvocationHelper.java:139)
at org.testng.internal.invokers.TestInvoker.invokeMethod(TestInvoker.java:664)
at org.testng.internal.invokers.TestInvoker.invokeTestMethod(TestInvoker.java:227)
at org.testng.internal.invokers.MethodRunner.runInSequence(MethodRunner.java:50)
at org.testng.internal.invokers.TestInvoker$MethodInvocationAgent.invoke(TestInvoker.java:957)
at org.testng.internal.invokers.TestInvoker.invokeTestMethods(TestInvoker.java:200)
at org.testng.internal.invokers.TestMethodWorker.invokeTestMethods(TestMethodWorker.java:148)
at org.testng.internal.invokers.TestMethodWorker.run(TestMethodWorker.java:128)
at java.base/java.util.ArrayList.forEach(ArrayList.java:1511)
at org.testng.TestRunner.privateRun(TestRunner.java:848)
at org.testng.TestRunner.run(TestRunner.java:621)
at org.testng.SuiteRunner.runTest(SuiteRunner.java:443)
at org.testng.SuiteRunner.runSequentially(SuiteRunner.java:437)
at org.testng.SuiteRunner.privateRun(SuiteRunner.java:397)
at org.testng.SuiteRunner.run(SuiteRunner.java:336)
at org.testng.SuiteRunnerWorker.runSuite(SuiteRunnerWorker.java:52)
at org.testng.SuiteRunnerWorker.run(SuiteRunnerWorker.java:95)
at org.testng.TestNG.runSuitesSequentially(TestNG.java:1280)
at org.testng.TestNG.runSuitesLocally(TestNG.java:1200)
at org.testng.TestNG.runSuites(TestNG.java:1114)
at org.testng.TestNG.run(TestNG.java:1082)
at org.testng.remote.AbstractRemoteTestNG.run(AbstractRemoteTestNG.java:115)
at org.testng.remote.RemoteTestNG.initAndRun(RemoteTestNG.java:251)
at org.testng.remote.RemoteTestNG.main(RemoteTestNG.java:77)
]]>
            </full-stacktrace>
          </exception> <!-- org.openqa.selenium.NoSuchElementException -->
          <reporter-output>
          </reporter-output>
        </test-method> <!-- TC27_productinfo -->
        <test-method is-config="true" signature="browserclose()[pri:0, instance:testcases_amazon.Test_Search@43bc63a3]" started-at="2023-09-11T15:23:52 EDT" name="browserclose" finished-at="2023-09-11T15:23:52 EDT" duration-ms="87" status="PASS">
          <reporter-output>
          </reporter-output>
        </test-method> <!-- browserclose -->
        <test-method is-config="true" signature="initsetup()[pri:0, instance:testcases_amazon.Test_Search@43bc63a3]" started-at="2023-09-11T15:23:52 EDT" name="initsetup" finished-at="2023-09-11T15:23:54 EDT" duration-ms="2192" status="PASS">
          <reporter-output>
          </reporter-output>
        </test-method> <!-- initsetup -->
        <test-method signature="TC28_numberofproducts()[pri:3, instance:testcases_amazon.Test_Search@43bc63a3]" started-at="2023-09-11T15:23:54 EDT" name="TC28_numberofproducts" finished-at="2023-09-11T15:23:57 EDT" duration-ms="2861" status="PASS">
          <reporter-output>
          </reporter-output>
        </test-method> <!-- TC28_numberofproducts -->
        <test-method is-config="true" signature="browserclose()[pri:0, instance:testcases_amazon.Test_Search@43bc63a3]" started-at="2023-09-11T15:23:57 EDT" name="browserclose" finished-at="2023-09-11T15:23:57 EDT" duration-ms="112" status="PASS">
          <reporter-output>
          </reporter-output>
        </test-method> <!-- browserclose -->
        <test-method is-config="true" signature="initsetup()[pri:0, instance:testcases_amazon.Test_Search@43bc63a3]" started-at="2023-09-11T15:23:57 EDT" name="initsetup" finished-at="2023-09-11T15:24:00 EDT" duration-ms="2458" status="PASS">
          <reporter-output>
          </reporter-output>
        </test-method> <!-- initsetup -->
        <test-method signature="TC_filtration()[pri:4, instance:testcases_amazon.Test_Search@43bc63a3]" started-at="2023-09-11T15:24:00 EDT" name="TC_filtration" finished-at="2023-09-11T15:24:07 EDT" duration-ms="7430" status="PASS">
          <reporter-output>
          </reporter-output>
        </test-method> <!-- TC_filtration -->
        <test-method is-config="true" signature="browserclose()[pri:0, instance:testcases_amazon.Test_Search@43bc63a3]" started-at="2023-09-11T15:24:07 EDT" name="browserclose" finished-at="2023-09-11T15:24:07 EDT" duration-ms="165" status="PASS">
          <reporter-output>
          </reporter-output>
        </test-method> <!-- browserclose -->
      </class> <!-- testcases_amazon.Test_Search -->
      <class name="testcases_amazon.Test_CreateAccount">
        <test-method is-config="true" signature="initsetup()[pri:0, instance:testcases_amazon.Test_CreateAccount@4218d6a3]" started-at="2023-09-11T15:21:22 EDT" name="initsetup" finished-at="2023-09-11T15:21:26 EDT" duration-ms="3374" status="PASS">
          <reporter-output>
          </reporter-output>
        </test-method> <!-- initsetup -->
        <test-method signature="TC2_Emptynamefield()[pri:1, instance:testcases_amazon.Test_CreateAccount@4218d6a3]" started-at="2023-09-11T15:21:26 EDT" name="TC2_Emptynamefield" finished-at="2023-09-11T15:21:29 EDT" duration-ms="3233" status="PASS">
          <reporter-output>
          </reporter-output>
        </test-method> <!-- TC2_Emptynamefield -->
        <test-method is-config="true" signature="closebrowser()[pri:0, instance:testcases_amazon.Test_CreateAccount@4218d6a3]" started-at="2023-09-11T15:21:29 EDT" name="closebrowser" finished-at="2023-09-11T15:21:29 EDT" duration-ms="1" status="PASS">
          <reporter-output>
          </reporter-output>
        </test-method> <!-- closebrowser -->
        <test-method is-config="true" signature="initsetup()[pri:0, instance:testcases_amazon.Test_CreateAccount@4218d6a3]" started-at="2023-09-11T15:21:29 EDT" name="initsetup" finished-at="2023-09-11T15:21:31 EDT" duration-ms="2300" status="PASS">
          <reporter-output>
          </reporter-output>
        </test-method> <!-- initsetup -->
        <test-method signature="TC3_Emptyemailormobilenumberfield()[pri:2, instance:testcases_amazon.Test_CreateAccount@4218d6a3]" started-at="2023-09-11T15:21:31 EDT" name="TC3_Emptyemailormobilenumberfield" finished-at="2023-09-11T15:21:34 EDT" duration-ms="3203" status="PASS">
          <reporter-output>
          </reporter-output>
        </test-method> <!-- TC3_Emptyemailormobilenumberfield -->
        <test-method is-config="true" signature="closebrowser()[pri:0, instance:testcases_amazon.Test_CreateAccount@4218d6a3]" started-at="2023-09-11T15:21:34 EDT" name="closebrowser" finished-at="2023-09-11T15:21:34 EDT" duration-ms="1" status="PASS">
          <reporter-output>
          </reporter-output>
        </test-method> <!-- closebrowser -->
        <test-method is-config="true" signature="initsetup()[pri:0, instance:testcases_amazon.Test_CreateAccount@4218d6a3]" started-at="2023-09-11T15:21:34 EDT" name="initsetup" finished-at="2023-09-11T15:21:37 EDT" duration-ms="2607" status="PASS">
          <reporter-output>
          </reporter-output>
        </test-method> <!-- initsetup -->
        <test-method signature="TC4_verfiymobilenumberfield()[pri:3, instance:testcases_amazon.Test_CreateAccount@4218d6a3]" started-at="2023-09-11T15:21:37 EDT" name="TC4_verfiymobilenumberfield" finished-at="2023-09-11T15:21:40 EDT" duration-ms="3206" status="PASS">
          <reporter-output>
          </reporter-output>
        </test-method> <!-- TC4_verfiymobilenumberfield -->
        <test-method is-config="true" signature="closebrowser()[pri:0, instance:testcases_amazon.Test_CreateAccount@4218d6a3]" started-at="2023-09-11T15:21:40 EDT" name="closebrowser" finished-at="2023-09-11T15:21:40 EDT" duration-ms="0" status="PASS">
          <reporter-output>
          </reporter-output>
        </test-method> <!-- closebrowser -->
        <test-method is-config="true" signature="initsetup()[pri:0, instance:testcases_amazon.Test_CreateAccount@4218d6a3]" started-at="2023-09-11T15:21:40 EDT" name="initsetup" finished-at="2023-09-11T15:21:45 EDT" duration-ms="5251" status="PASS">
          <reporter-output>
          </reporter-output>
        </test-method> <!-- initsetup -->
        <test-method signature="TC5_verfiyemailfield()[pri:4, instance:testcases_amazon.Test_CreateAccount@4218d6a3]" started-at="2023-09-11T15:21:45 EDT" name="TC5_verfiyemailfield" finished-at="2023-09-11T15:21:47 EDT" duration-ms="1267" status="PASS">
          <reporter-output>
          </reporter-output>
        </test-method> <!-- TC5_verfiyemailfield -->
        <test-method is-config="true" signature="closebrowser()[pri:0, instance:testcases_amazon.Test_CreateAccount@4218d6a3]" started-at="2023-09-11T15:21:47 EDT" name="closebrowser" finished-at="2023-09-11T15:21:47 EDT" duration-ms="0" status="PASS">
          <reporter-output>
          </reporter-output>
        </test-method> <!-- closebrowser -->
        <test-method is-config="true" signature="initsetup()[pri:0, instance:testcases_amazon.Test_CreateAccount@4218d6a3]" started-at="2023-09-11T15:21:47 EDT" name="initsetup" finished-at="2023-09-11T15:21:49 EDT" duration-ms="2647" status="PASS">
          <reporter-output>
          </reporter-output>
        </test-method> <!-- initsetup -->
        <test-method signature="TC7_invalidpassowrd()[pri:5, instance:testcases_amazon.Test_CreateAccount@4218d6a3]" started-at="2023-09-11T15:21:49 EDT" name="TC7_invalidpassowrd" finished-at="2023-09-11T15:21:52 EDT" duration-ms="2272" status="PASS">
          <reporter-output>
          </reporter-output>
        </test-method> <!-- TC7_invalidpassowrd -->
        <test-method is-config="true" signature="closebrowser()[pri:0, instance:testcases_amazon.Test_CreateAccount@4218d6a3]" started-at="2023-09-11T15:21:52 EDT" name="closebrowser" finished-at="2023-09-11T15:21:52 EDT" duration-ms="0" status="PASS">
          <reporter-output>
          </reporter-output>
        </test-method> <!-- closebrowser -->
        <test-method is-config="true" signature="initsetup()[pri:0, instance:testcases_amazon.Test_CreateAccount@4218d6a3]" started-at="2023-09-11T15:21:52 EDT" name="initsetup" finished-at="2023-09-11T15:22:13 EDT" duration-ms="21600" status="PASS">
          <reporter-output>
          </reporter-output>
        </test-method> <!-- initsetup -->
        <test-method signature="TC9_validdetails()[pri:6, instance:testcases_amazon.Test_CreateAccount@4218d6a3]" started-at="2023-09-11T15:22:13 EDT" name="TC9_validdetails" finished-at="2023-09-11T15:22:43 EDT" duration-ms="30258" status="FAIL">
          <exception class="org.openqa.selenium.NoSuchElementException">
            <message>
              <![CDATA[no such element: Unable to locate element: {"method":"link text","selector":"Start here."}
  (Session info: chrome=116.0.5845.180)
For documentation on this error, please visit: https://www.selenium.dev/documentation/webdriver/troubleshooting/errors#no-such-element-exception
Build info: version: '4.11.0', revision: '040bc5406b'
System info: os.name: 'Windows 11', os.arch: 'amd64', os.version: '10.0', java.version: '20.0.1'
Driver info: org.openqa.selenium.chrome.ChromeDriver
Command: [336bd63b5aa0288e7e82a214f89d0a1b, findElement {using=link text, value=Start here.}]
Capabilities {acceptInsecureCerts: false, browserName: chrome, browserVersion: 116.0.5845.180, chrome: {chromedriverVersion: 116.0.5845.96 (1a3918166880..., userDataDir: C:\Users\User\AppData\Local...}, fedcm:accounts: true, goog:chromeOptions: {debuggerAddress: localhost:64203}, networkConnectionEnabled: false, pageLoadStrategy: normal, platformName: windows, proxy: Proxy(), se:cdp: ws://localhost:64203/devtoo..., se:cdpVersion: 116.0.5845.180, setWindowRect: true, strictFileInteractability: false, timeouts: {implicit: 0, pageLoad: 300000, script: 30000}, unhandledPromptBehavior: dismiss and notify, webauthn:extension:credBlob: true, webauthn:extension:largeBlob: true, webauthn:extension:minPinLength: true, webauthn:extension:prf: true, webauthn:virtualAuthenticators: true}
Session ID: 336bd63b5aa0288e7e82a214f89d0a1b]]>
            </message>
            <full-stacktrace>
              <![CDATA[org.openqa.selenium.NoSuchElementException: no such element: Unable to locate element: {"method":"link text","selector":"Start here."}
  (Session info: chrome=116.0.5845.180)
For documentation on this error, please visit: https://www.selenium.dev/documentation/webdriver/troubleshooting/errors#no-such-element-exception
Build info: version: '4.11.0', revision: '040bc5406b'
System info: os.name: 'Windows 11', os.arch: 'amd64', os.version: '10.0', java.version: '20.0.1'
Driver info: org.openqa.selenium.chrome.ChromeDriver
Command: [336bd63b5aa0288e7e82a214f89d0a1b, findElement {using=link text, value=Start here.}]
Capabilities {acceptInsecureCerts: false, browserName: chrome, browserVersion: 116.0.5845.180, chrome: {chromedriverVersion: 116.0.5845.96 (1a3918166880..., userDataDir: C:\Users\User\AppData\Local...}, fedcm:accounts: true, goog:chromeOptions: {debuggerAddress: localhost:64203}, networkConnectionEnabled: false, pageLoadStrategy: normal, platformName: windows, proxy: Proxy(), se:cdp: ws://localhost:64203/devtoo..., se:cdpVersion: 116.0.5845.180, setWindowRect: true, strictFileInteractability: false, timeouts: {implicit: 0, pageLoad: 300000, script: 30000}, unhandledPromptBehavior: dismiss and notify, webauthn:extension:credBlob: true, webauthn:extension:largeBlob: true, webauthn:extension:minPinLength: true, webauthn:extension:prf: true, webauthn:virtualAuthenticators: true}
Session ID: 336bd63b5aa0288e7e82a214f89d0a1b
at java.base/jdk.internal.reflect.DirectConstructorHandleAccessor.newInstance(DirectConstructorHandleAccessor.java:67)
at java.base/java.lang.reflect.Constructor.newInstanceWithCaller(Constructor.java:500)
at java.base/java.lang.reflect.Constructor.newInstance(Constructor.java:484)
at org.openqa.selenium.remote.codec.w3c.W3CHttpResponseCodec.createException(W3CHttpResponseCodec.java:200)
at org.openqa.selenium.remote.codec.w3c.W3CHttpResponseCodec.decode(W3CHttpResponseCodec.java:133)
at org.openqa.selenium.remote.codec.w3c.W3CHttpResponseCodec.decode(W3CHttpResponseCodec.java:52)
at org.openqa.selenium.remote.HttpCommandExecutor.execute(HttpCommandExecutor.java:191)
at org.openqa.selenium.remote.service.DriverCommandExecutor.invokeExecute(DriverCommandExecutor.java:196)
at org.openqa.selenium.remote.service.DriverCommandExecutor.execute(DriverCommandExecutor.java:171)
at org.openqa.selenium.remote.RemoteWebDriver.execute(RemoteWebDriver.java:518)
at org.openqa.selenium.remote.ElementLocation$ElementFinder$2.findElement(ElementLocation.java:165)
at org.openqa.selenium.remote.ElementLocation.findElement(ElementLocation.java:59)
at org.openqa.selenium.remote.RemoteWebDriver.findElement(RemoteWebDriver.java:355)
at org.openqa.selenium.remote.RemoteWebDriver.findElement(RemoteWebDriver.java:349)
at org.openqa.selenium.support.pagefactory.DefaultElementLocator.findElement(DefaultElementLocator.java:68)
at org.openqa.selenium.support.pagefactory.internal.LocatingElementHandler.invoke(LocatingElementHandler.java:38)
at jdk.proxy2/jdk.proxy2.$Proxy16.click(Unknown Source)
at pom_amazon.Pom_Homepage.clickonstarthere(Pom_Homepage.java:23)
at testcases_amazon.Test_CreateAccount.TC9_validdetails(Test_CreateAccount.java:85)
at java.base/jdk.internal.reflect.DirectMethodHandleAccessor.invoke(DirectMethodHandleAccessor.java:104)
at java.base/java.lang.reflect.Method.invoke(Method.java:578)
at org.testng.internal.invokers.MethodInvocationHelper.invokeMethod(MethodInvocationHelper.java:139)
at org.testng.internal.invokers.TestInvoker.invokeMethod(TestInvoker.java:664)
at org.testng.internal.invokers.TestInvoker.invokeTestMethod(TestInvoker.java:227)
at org.testng.internal.invokers.MethodRunner.runInSequence(MethodRunner.java:50)
at org.testng.internal.invokers.TestInvoker$MethodInvocationAgent.invoke(TestInvoker.java:957)
at org.testng.internal.invokers.TestInvoker.invokeTestMethods(TestInvoker.java:200)
at org.testng.internal.invokers.TestMethodWorker.invokeTestMethods(TestMethodWorker.java:148)
at org.testng.internal.invokers.TestMethodWorker.run(TestMethodWorker.java:128)
at java.base/java.util.ArrayList.forEach(ArrayList.java:1511)
at org.testng.TestRunner.privateRun(TestRunner.java:848)
at org.testng.TestRunner.run(TestRunner.java:621)
at org.testng.SuiteRunner.runTest(SuiteRunner.java:443)
at org.testng.SuiteRunner.runSequentially(SuiteRunner.java:437)
at org.testng.SuiteRunner.privateRun(SuiteRunner.java:397)
at org.testng.SuiteRunner.run(SuiteRunner.java:336)
at org.testng.SuiteRunnerWorker.runSuite(SuiteRunnerWorker.java:52)
at org.testng.SuiteRunnerWorker.run(SuiteRunnerWorker.java:95)
at org.testng.TestNG.runSuitesSequentially(TestNG.java:1280)
at org.testng.TestNG.runSuitesLocally(TestNG.java:1200)
at org.testng.TestNG.runSuites(TestNG.java:1114)
at org.testng.TestNG.run(TestNG.java:1082)
at org.testng.remote.AbstractRemoteTestNG.run(AbstractRemoteTestNG.java:115)
at org.testng.remote.RemoteTestNG.initAndRun(RemoteTestNG.java:251)
at org.testng.remote.RemoteTestNG.main(RemoteTestNG.java:77)
]]>
            </full-stacktrace>
          </exception> <!-- org.openqa.selenium.NoSuchElementException -->
          <reporter-output>
          </reporter-output>
        </test-method> <!-- TC9_validdetails -->
        <test-method is-config="true" signature="closebrowser()[pri:0, instance:testcases_amazon.Test_CreateAccount@4218d6a3]" started-at="2023-09-11T15:22:43 EDT" name="closebrowser" finished-at="2023-09-11T15:22:43 EDT" duration-ms="0" status="PASS">
          <reporter-output>
          </reporter-output>
        </test-method> <!-- closebrowser -->
      </class> <!-- testcases_amazon.Test_CreateAccount -->
      <class name="testcases_amazon.Test_YourOrders">
        <test-method is-config="true" signature="initsetup()[pri:0, instance:testcases_amazon.Test_YourOrders@702657cc]" started-at="2023-09-11T15:24:07 EDT" name="initsetup" finished-at="2023-09-11T15:24:09 EDT" duration-ms="2273" status="PASS">
          <reporter-output>
          </reporter-output>
        </test-method> <!-- initsetup -->
        <test-method signature="TC_yourorders()[pri:0, instance:testcases_amazon.Test_YourOrders@702657cc]" started-at="2023-09-11T15:24:09 EDT" name="TC_yourorders" finished-at="2023-09-11T15:24:28 EDT" duration-ms="18509" status="FAIL">
          <exception class="java.lang.AssertionError">
            <message>
              <![CDATA[Test Passed expected [We aren't finding any cancelled orders (for orders placed in the last 6 months).View all orders] but found [We aren't finding any cancelled orders (for orders placed in the last 6 months). View all orders]]]>
            </message>
            <full-stacktrace>
              <![CDATA[java.lang.AssertionError: Test Passed expected [We aren't finding any cancelled orders (for orders placed in the last 6 months).View all orders] but found [We aren't finding any cancelled orders (for orders placed in the last 6 months). View all orders]
at org.testng.Assert.fail(Assert.java:111)
at org.testng.Assert.failNotEquals(Assert.java:1578)
at org.testng.Assert.assertEqualsImpl(Assert.java:150)
at org.testng.Assert.assertEquals(Assert.java:132)
at org.testng.Assert.assertEquals(Assert.java:656)
at pom_amazon.Pom_YourOrders.cancelledorders(Pom_YourOrders.java:71)
at testcases_amazon.Test_YourOrders.TC_yourorders(Test_YourOrders.java:27)
at java.base/jdk.internal.reflect.DirectMethodHandleAccessor.invoke(DirectMethodHandleAccessor.java:104)
at java.base/java.lang.reflect.Method.invoke(Method.java:578)
at org.testng.internal.invokers.MethodInvocationHelper.invokeMethod(MethodInvocationHelper.java:139)
at org.testng.internal.invokers.TestInvoker.invokeMethod(TestInvoker.java:664)
at org.testng.internal.invokers.TestInvoker.invokeTestMethod(TestInvoker.java:227)
at org.testng.internal.invokers.MethodRunner.runInSequence(MethodRunner.java:50)
at org.testng.internal.invokers.TestInvoker$MethodInvocationAgent.invoke(TestInvoker.java:957)
at org.testng.internal.invokers.TestInvoker.invokeTestMethods(TestInvoker.java:200)
at org.testng.internal.invokers.TestMethodWorker.invokeTestMethods(TestMethodWorker.java:148)
at org.testng.internal.invokers.TestMethodWorker.run(TestMethodWorker.java:128)
at java.base/java.util.ArrayList.forEach(ArrayList.java:1511)
at org.testng.TestRunner.privateRun(TestRunner.java:848)
at org.testng.TestRunner.run(TestRunner.java:621)
at org.testng.SuiteRunner.runTest(SuiteRunner.java:443)
at org.testng.SuiteRunner.runSequentially(SuiteRunner.java:437)
at org.testng.SuiteRunner.privateRun(SuiteRunner.java:397)
at org.testng.SuiteRunner.run(SuiteRunner.java:336)
at org.testng.SuiteRunnerWorker.runSuite(SuiteRunnerWorker.java:52)
at org.testng.SuiteRunnerWorker.run(SuiteRunnerWorker.java:95)
at org.testng.TestNG.runSuitesSequentially(TestNG.java:1280)
at org.testng.TestNG.runSuitesLocally(TestNG.java:1200)
at org.testng.TestNG.runSuites(TestNG.java:1114)
at org.testng.TestNG.run(TestNG.java:1082)
at org.testng.remote.AbstractRemoteTestNG.run(AbstractRemoteTestNG.java:115)
at org.testng.remote.RemoteTestNG.initAndRun(RemoteTestNG.java:251)
at org.testng.remote.RemoteTestNG.main(RemoteTestNG.java:77)
]]>
            </full-stacktrace>
          </exception> <!-- java.lang.AssertionError -->
          <reporter-output>
          </reporter-output>
        </test-method> <!-- TC_yourorders -->
        <test-method is-config="true" signature="browserclose()[pri:0, instance:testcases_amazon.Test_YourOrders@702657cc]" started-at="2023-09-11T15:24:28 EDT" name="browserclose" finished-at="2023-09-11T15:24:28 EDT" duration-ms="1" status="PASS">
          <reporter-output>
          </reporter-output>
        </test-method> <!-- browserclose -->
      </class> <!-- testcases_amazon.Test_YourOrders -->
      <class name="testcases_amazon.Test_Signin">
        <test-method is-config="true" signature="initsetup()[pri:0, instance:testcases_amazon.Test_Signin@38425407]" started-at="2023-09-11T15:22:43 EDT" name="initsetup" finished-at="2023-09-11T15:22:49 EDT" duration-ms="6004" status="PASS">
          <reporter-output>
          </reporter-output>
        </test-method> <!-- initsetup -->
        <test-method signature="TC10_invalidemailid()[pri:1, instance:testcases_amazon.Test_Signin@38425407]" started-at="2023-09-11T15:22:49 EDT" name="TC10_invalidemailid" finished-at="2023-09-11T15:22:50 EDT" duration-ms="444" status="PASS">
          <reporter-output>
          </reporter-output>
        </test-method> <!-- TC10_invalidemailid -->
        <test-method is-config="true" signature="closebrowser()[pri:0, instance:testcases_amazon.Test_Signin@38425407]" started-at="2023-09-11T15:22:50 EDT" name="closebrowser" finished-at="2023-09-11T15:22:50 EDT" duration-ms="124" status="PASS">
          <reporter-output>
          </reporter-output>
        </test-method> <!-- closebrowser -->
        <test-method is-config="true" signature="initsetup()[pri:0, instance:testcases_amazon.Test_Signin@38425407]" started-at="2023-09-11T15:22:50 EDT" name="initsetup" finished-at="2023-09-11T15:22:56 EDT" duration-ms="6301" status="PASS">
          <reporter-output>
          </reporter-output>
        </test-method> <!-- initsetup -->
        <test-method signature="TC11_validemailid()[pri:2, instance:testcases_amazon.Test_Signin@38425407]" started-at="2023-09-11T15:22:56 EDT" name="TC11_validemailid" finished-at="2023-09-11T15:22:57 EDT" duration-ms="876" status="PASS">
          <reporter-output>
          </reporter-output>
        </test-method> <!-- TC11_validemailid -->
        <test-method is-config="true" signature="closebrowser()[pri:0, instance:testcases_amazon.Test_Signin@38425407]" started-at="2023-09-11T15:22:57 EDT" name="closebrowser" finished-at="2023-09-11T15:22:57 EDT" duration-ms="131" status="PASS">
          <reporter-output>
          </reporter-output>
        </test-method> <!-- closebrowser -->
        <test-method is-config="true" signature="initsetup()[pri:0, instance:testcases_amazon.Test_Signin@38425407]" started-at="2023-09-11T15:22:57 EDT" name="initsetup" finished-at="2023-09-11T15:23:04 EDT" duration-ms="6262" status="PASS">
          <reporter-output>
          </reporter-output>
        </test-method> <!-- initsetup -->
        <test-method signature="TC12_invalidpassword()[pri:3, instance:testcases_amazon.Test_Signin@38425407]" started-at="2023-09-11T15:23:04 EDT" name="TC12_invalidpassword" finished-at="2023-09-11T15:23:05 EDT" duration-ms="1622" status="PASS">
          <reporter-output>
          </reporter-output>
        </test-method> <!-- TC12_invalidpassword -->
        <test-method is-config="true" signature="closebrowser()[pri:0, instance:testcases_amazon.Test_Signin@38425407]" started-at="2023-09-11T15:23:05 EDT" name="closebrowser" finished-at="2023-09-11T15:23:05 EDT" duration-ms="114" status="PASS">
          <reporter-output>
          </reporter-output>
        </test-method> <!-- closebrowser -->
        <test-method is-config="true" signature="initsetup()[pri:0, instance:testcases_amazon.Test_Signin@38425407]" started-at="2023-09-11T15:23:05 EDT" name="initsetup" finished-at="2023-09-11T15:23:11 EDT" duration-ms="6019" status="PASS">
          <reporter-output>
          </reporter-output>
        </test-method> <!-- initsetup -->
        <test-method signature="TC13_validpassword()[pri:4, instance:testcases_amazon.Test_Signin@38425407]" started-at="2023-09-11T15:23:11 EDT" name="TC13_validpassword" finished-at="2023-09-11T15:23:15 EDT" duration-ms="3185" status="PASS">
          <reporter-output>
          </reporter-output>
        </test-method> <!-- TC13_validpassword -->
        <test-method is-config="true" signature="closebrowser()[pri:0, instance:testcases_amazon.Test_Signin@38425407]" started-at="2023-09-11T15:23:15 EDT" name="closebrowser" finished-at="2023-09-11T15:23:15 EDT" duration-ms="132" status="PASS">
          <reporter-output>
          </reporter-output>
        </test-method> <!-- closebrowser -->
      </class> <!-- testcases_amazon.Test_Signin -->
    </test> <!-- Unittesting -->
  </suite> <!-- AmazonEcommerce -->
</testng-results>
